<?xml version="1.0" encoding="UTF-8"?>
<testsuite name="TriangleTest" tests="8" skipped="0" failures="0" errors="0" timestamp="2016-02-15T22:26:21" hostname="epicodus-65.local" time="0.004">
  <properties/>
  <testcase name="isEquillateral_whenAllSidesEqual_true" classname="TriangleTest" time="0.0"/>
  <testcase name="newTriangle_setSideOne" classname="TriangleTest" time="0.0"/>
  <testcase name="newTriangle_setSideTwo" classname="TriangleTest" time="0.0"/>
  <testcase name="newTriangle_instantiatesCorrectly" classname="TriangleTest" time="0.0"/>
  <testcase name="isTriangle_whenSumOfTwoSidesIsgreaterThanThird_true" classname="TriangleTest" time="0.001"/>
  <testcase name="newTriangle_setSideThree" classname="TriangleTest" time="0.0"/>
  <testcase name="isScalene_whenNoSidesEQL_true" classname="TriangleTest" time="0.0"/>
  <testcase name="isIsosceles_whenAllTwoSidesEQL_true" classname="TriangleTest" time="0.0"/>
  <system-out><![CDATA[]]></system-out>
  <system-err><![CDATA[]]></system-err>
</testsuite>
